TN:
SF:src/contracts/AddressManifest.sol
FN:56,AddressManifest.updateAddressInManifest
FNDA:6972,AddressManifest.updateAddressInManifest
DA:60,5972
DA:61,5972
FN:66,AddressManifest.setOperator
FNDA:144,AddressManifest.setOperator
DA:67,144
DA:68,144
FN:73,AddressManifest.setAdmin
FNDA:284,AddressManifest.setAdmin
DA:74,284
DA:75,284
FN:86,AddressManifest.approveSigner
FNDA:21,AddressManifest.approveSigner
DA:92,21
BRDA:92,0,0,1
BRDA:92,0,1,20
DA:93,20
DA:94,20
DA:95,20
FNF:4
FNH:4
LF:10
LH:10
BRF:2
BRH:2
end_of_record
TN:
SF:src/contracts/Ciao.sol
FN:70,Ciao.setMinimumWithdrawalWaitTime
FNDA:2,Ciao.setMinimumWithdrawalWaitTime
DA:73,2
DA:74,1
DA:75,1
FN:80,Ciao.setCoreCollateralAddress
FNDA:3,Ciao.setCoreCollateralAddress
DA:81,3
DA:82,2
BRDA:82,0,0,1
BRDA:82,0,1,1
DA:83,1
DA:84,1
FN:87,Ciao.setFeeRecipient
FNDA:3,Ciao.setFeeRecipient
DA:88,3
DA:89,2
BRDA:89,1,0,1
BRDA:89,1,1,1
DA:90,1
DA:91,1
FN:94,Ciao.setInsurance
FNDA:3,Ciao.setInsurance
DA:95,3
DA:96,2
BRDA:96,2,0,1
BRDA:96,2,1,1
DA:97,1
DA:98,1
FN:111,Ciao.updateBalance
FNDA:1046,Ciao.updateBalance
DA:122,1046
DA:124,1045
DA:127,1045
BRDA:127,3,0,1024
BRDA:127,3,1,21
DA:128,1024
DA:135,1023
DA:143,21
DA:150,20
FN:165,Ciao.settleCoreCollateral
FNDA:3164,Ciao.settleCoreCollateral
DA:170,3164
DA:171,3163
DA:172,3163
FN:180,Ciao.incrementFee
FNDA:63,Ciao.incrementFee
DA:186,63
DA:187,62
DA:188,62
FN:200,Ciao.deposit
FNDA:30724,Ciao.deposit
DA:206,30724
BRDA:206,4,0,1
BRDA:206,4,1,30723
DA:207,30723
BRDA:207,5,0,37
BRDA:207,5,1,30686
DA:209,30686
BRDA:208,6,0,2
BRDA:208,6,1,30684
DA:213,2
DA:214,30684
DA:216,30684
DA:218,30684
DA:223,30684
BRDA:223,7,0,16313
BRDA:223,7,1,14371
DA:224,16313
DA:226,14371
DA:229,30684
DA:235,30259
FN:246,Ciao.requestWithdrawal
FNDA:2018,Ciao.requestWithdrawal
DA:252,2018
DA:253,2018
DA:257,2018
BRDA:257,8,0,974
BRDA:257,8,1,1044
DA:259,1044
DA:264,1044
FN:284,Ciao.executeWithdrawal
FNDA:1054,Ciao.executeWithdrawal
DA:290,1054
DA:291,1054
DA:295,1054
BRDA:295,9,0,4
BRDA:295,9,1,1050
DA:297,1050
BRDA:297,10,0,6
BRDA:297,10,1,1044
DA:298,6
DA:299,1044
BRDA:299,11,0,1
BRDA:299,11,1,1040
DA:301,1043
DA:305,1043
BRDA:305,12,0,2
BRDA:305,12,1,1041
DA:308,1041
BRDA:307,13,0,1
BRDA:307,13,1,1040
DA:310,1
DA:311,1040
DA:312,1
DA:314,1046
FN:320,Ciao.isAssetInSubAccountAssetSet
FNDA:2609,Ciao.isAssetInSubAccountAssetSet
DA:324,2609
FN:327,Ciao.assetAtIndexInSubAccountAssetSet
FNDA:3103,Ciao.assetAtIndexInSubAccountAssetSet
DA:331,3103
FN:334,Ciao.subAccountAssetSetLength
FNDA:2599,Ciao.subAccountAssetSetLength
DA:337,2599
FN:340,Ciao.getSubAccountAssets
FNDA:6657,Ciao.getSubAccountAssets
DA:343,6657
FN:349,Ciao._withdraw
FNDA:1046,Ciao._withdraw
DA:356,1046
DA:358,1046
BRDA:358,14,0,17
BRDA:358,14,1,1046
DA:359,17
DA:361,1046
DA:366,1046
DA:368,1046
FN:376,Ciao._changeBalance
FNDA:20696,Ciao._changeBalance
DA:381,20696
DA:382,20696
BRDA:382,15,0,17543
BRDA:382,15,1,3153
DA:383,17543
DA:385,3153
DA:387,20696
FN:395,Ciao._updateBalance
FNDA:2088,Ciao._updateBalance
DA:403,2088
DA:407,2088
BRDA:407,16,0,1043
BRDA:407,16,1,1045
DA:408,1043
DA:413,1045
DA:420,2088
DA:421,2088
DA:423,2088
BRDA:423,17,0,2037
BRDA:423,17,1,2084
DA:424,2084
DA:426,2084
BRDA:426,18,0,2037
BRDA:426,18,1,2084
DA:427,2037
DA:430,4
FN:433,Ciao._settleCoreCollateral
FNDA:20519,Ciao._settleCoreCollateral
DA:437,20519
DA:439,20519
DA:440,20519
BRDA:440,19,0,18426
BRDA:440,19,1,2093
DA:441,18426
DA:442,18426
DA:443,18426
DA:444,18426
DA:445,18426
DA:446,18426
DA:448,2093
DA:449,2093
DA:452,2093
DA:453,2093
DA:454,2093
DA:455,2093
DA:457,20519
FNF:18
FNH:18
LF:100
LH:100
BRF:40
BRH:40
end_of_record
TN:
SF:src/contracts/Furnace.sol
FN:51,Furnace.setPrices
FNDA:2078,Furnace.setPrices
DA:53,2078
DA:55,2077
BRDA:55,0,0,5
BRDA:55,0,1,2072
DA:56,2072
DA:57,2072
DA:58,8269
DA:59,8269
DA:60,8269
DA:61,8269
DA:64,8269
DA:65,8269
DA:67,8269
DA:68,8269
FN:72,Furnace.setProductRiskWeight
FNDA:1422,Furnace.setProductRiskWeight
DA:76,1422
DA:77,1421
DA:78,1421
FN:87,Furnace.setSpotRiskWeight
FNDA:854,Furnace.setSpotRiskWeight
DA:91,854
DA:92,853
DA:93,853
FN:102,Furnace.setSpreadPenalty
FNDA:571,Furnace.setSpreadPenalty
DA:107,571
DA:108,570
DA:112,570
FN:117,Furnace.setBaseAssetQuotePerps
FNDA:570,Furnace.setBaseAssetQuotePerps
DA:121,570
DA:122,569
DA:123,569
FN:134,Furnace.getSubAccountHealth
FNDA:3103,Furnace.getSubAccountHealth
DA:139,3103
DA:142,3103
DA:143,3103
DA:144,3103
DA:145,3103
DA:148,3103
DA:149,3103
DA:150,9097
DA:151,9097
DA:156,9097
DA:160,9097
BRDA:160,1,0,-
BRDA:160,1,1,3058
DA:161,3058
DA:164,3058
DA:166,6039
BRDA:166,2,0,-
BRDA:166,2,1,6039
DA:168,0
DA:170,6039
DA:173,6039
DA:174,6039
DA:178,6039
DA:182,6039
BRDA:182,3,0,-
BRDA:182,3,1,2906
DA:184,2906
DA:187,2906
DA:188,2906
DA:200,2906
DA:201,2906
DA:205,2906
DA:219,2906
DA:220,5765
BRDA:220,4,0,-
BRDA:220,4,1,2906
DA:222,2906
DA:226,6039
DA:236,3103
DA:238,6037
BRDA:238,5,0,3131
BRDA:238,5,1,6037
DA:239,3131
DA:246,3131
DA:248,3131
FN:266,Furnace.getSpreadPenalty
FNDA:984,Furnace.getSpreadPenalty
DA:269,984
FN:272,Furnace.getSpotRiskWeights
FNDA:2690,Furnace.getSpotRiskWeights
DA:275,2690
FN:278,Furnace.getProductRiskWeights
FNDA:1347,Furnace.getProductRiskWeights
DA:281,1347
FN:287,Furnace._subAccountSpreadQuantity
FNDA:0,Furnace._subAccountSpreadQuantity
DA:291,6037
BRDA:291,6,0,2906
BRDA:291,6,1,3131
DA:292,2906
DA:293,3131
FNF:10
FNH:9
LF:65
LH:64
BRF:14
BRH:10
end_of_record
TN:
SF:src/contracts/Liquidation.sol
FN:50,Liquidation.setLiquidationFeeFraction
FNDA:2,Liquidation.setLiquidationFeeFraction
DA:53,2
DA:54,2
BRDA:54,0,0,1
BRDA:54,0,1,1
DA:55,1
DA:56,1
FN:59,Liquidation.setRequiresDispatchCall
FNDA:24,Liquidation.setRequiresDispatchCall
DA:60,24
DA:61,24
DA:62,24
FN:65,Liquidation.setLiqPriceNumerator
FNDA:1,Liquidation.setLiqPriceNumerator
DA:66,1
DA:67,1
DA:68,1
FN:71,Liquidation.setLiqPriceDenominator
FNDA:1,Liquidation.setLiqPriceDenominator
DA:72,1
DA:73,1
DA:74,1
FN:91,Liquidation.liquidateSubAccount
FNDA:20,Liquidation.liquidateSubAccount
DA:94,20
BRDA:94,1,0,2
BRDA:94,1,1,18
DA:95,2
DA:97,18
BRDA:97,2,0,1
BRDA:97,2,1,17
DA:99,18
DA:103,18
DA:107,18
BRDA:107,3,0,1
BRDA:107,3,1,17
DA:109,17
BRDA:109,4,0,1
BRDA:109,4,1,16
DA:110,16
BRDA:110,5,0,2
BRDA:110,5,1,2
DA:114,4
BRDA:114,6,0,2
BRDA:114,6,1,2
DA:115,2
DA:116,12
BRDA:116,7,0,1
BRDA:116,7,1,3
DA:121,4
BRDA:120,8,0,1
BRDA:120,8,1,3
DA:124,1
DA:125,3
DA:126,8
BRDA:126,9,0,8
BRDA:126,9,1,-
DA:127,8
DA:129,0
DA:136,7
BRDA:136,10,0,1
BRDA:136,10,1,6
DA:137,6
BRDA:137,11,0,1
BRDA:137,11,1,5
FN:144,Liquidation._liquidateSpot
FNDA:3,Liquidation._liquidateSpot
DA:145,3
DA:148,3
DA:153,3
BRDA:153,12,0,1
BRDA:153,12,1,2
DA:154,2
DA:155,1
FN:160,Liquidation._liquidateSpread
FNDA:2,Liquidation._liquidateSpread
DA:163,2
DA:167,2
DA:169,2
DA:172,2
DA:176,2
DA:177,1
DA:178,1
DA:179,1
FN:183,Liquidation._liquidateNakedPerp
FNDA:8,Liquidation._liquidateNakedPerp
DA:186,8
DA:190,8
DA:191,5
FN:197,Liquidation._handleSpotLiquidation
FNDA:2,Liquidation._handleSpotLiquidation
DA:202,2
DA:206,2
DA:210,2
DA:214,2
DA:215,2
DA:216,2
BRDA:216,13,0,1
BRDA:216,13,1,1
DA:217,1
DA:223,1
DA:229,2
DA:230,2
DA:233,2
DA:234,2
DA:239,2
DA:249,2
DA:254,2
FN:268,Liquidation._handlePerpLiquidation
FNDA:6,Liquidation._handlePerpLiquidation
DA:273,6
DA:277,6
DA:281,6
DA:282,6
DA:284,6
BRDA:284,14,0,-
BRDA:284,14,1,1
DA:285,1
DA:291,5
DA:298,6
DA:299,6
DA:304,6
DA:305,6
DA:310,6
DA:321,6
DA:325,6
DA:327,6
FN:339,Liquidation._validateLiquidationQuantity
FNDA:13,Liquidation._validateLiquidationQuantity
DA:343,13
BRDA:343,15,0,3
BRDA:343,15,1,10
DA:344,10
BRDA:344,16,0,2
BRDA:344,16,1,8
FN:347,Liquidation._getLiquidationPrice
FNDA:16,Liquidation._getLiquidationPrice
DA:352,16
DA:357,16
DA:358,16
FN:363,Liquidation._getSpreadLiquidationPrice
FNDA:4,Liquidation._getSpreadLiquidationPrice
DA:368,4
DA:371,4
BRDA:371,17,0,2
BRDA:371,17,1,2
DA:372,2
DA:375,2
FN:381,Liquidation._userHasNakedPerps
FNDA:4,Liquidation._userHasNakedPerps
DA:384,4
DA:388,4
DA:389,4
BRDA:389,18,0,1
BRDA:389,18,1,3
DA:390,3
DA:391,3
DA:395,3
BRDA:395,19,0,1
BRDA:395,19,1,2
DA:396,2
DA:398,1
FN:401,Liquidation._getSingleNakedPerpPosition
FNDA:11,Liquidation._getSingleNakedPerpPosition
DA:405,11
DA:407,11
BRDA:407,20,0,2
BRDA:407,20,1,2
DA:409,4
DA:413,4
DA:417,4
BRDA:417,21,0,2
BRDA:417,21,1,2
DA:418,2
DA:420,2
DA:423,11
FNF:15
FNH:15
LF:103
LH:102
BRF:44
BRH:42
end_of_record
TN:
SF:src/contracts/OrderDispatch.sol
FN:61,OrderDispatch.initialize
FNDA:290,OrderDispatch.initialize
DA:62,288
DA:63,288
DA:64,288
DA:65,288
FN:82,OrderDispatch.setTxFees
FNDA:156,OrderDispatch.setTxFees
DA:83,156
BRDA:83,0,0,1
BRDA:83,0,1,155
DA:84,155
DA:85,155
FN:92,OrderDispatch.ingresso
FNDA:3189,OrderDispatch.ingresso
DA:94,3189
BRDA:94,1,0,2
BRDA:94,1,1,3187
DA:95,3187
DA:96,3187
DA:97,3209
DA:98,3207
BRDA:98,2,0,-
BRDA:98,2,1,3091
DA:99,3091
DA:100,116
BRDA:100,3,0,-
BRDA:100,3,1,33
DA:101,33
DA:102,83
BRDA:102,4,0,-
BRDA:102,4,1,9
DA:103,9
DA:104,74
BRDA:104,5,0,-
BRDA:104,5,1,18
DA:105,18
DA:106,56
BRDA:106,6,0,-
BRDA:106,6,1,10
DA:107,10
DA:108,46
BRDA:108,7,0,-
BRDA:108,7,1,34
DA:109,34
DA:110,12
BRDA:110,8,0,-
BRDA:110,8,1,3
DA:111,3
DA:112,9
BRDA:112,9,0,-
BRDA:112,9,1,9
DA:113,9
DA:114,0
FN:120,OrderDispatch.deposit
FNDA:9,OrderDispatch.deposit
DA:121,9
DA:124,8
BRDA:123,10,0,1
BRDA:123,10,1,7
DA:130,1
DA:131,7
FN:141,OrderDispatch.withdraw
FNDA:10,OrderDispatch.withdraw
DA:142,10
DA:144,9
DA:148,9
BRDA:147,11,0,1
BRDA:147,11,1,1
DA:156,2
BRDA:155,12,0,1
BRDA:155,12,1,1
DA:165,1
DA:167,8
FN:177,OrderDispatch.updateProductPrice
FNDA:33,OrderDispatch.updateProductPrice
DA:178,33
DA:179,33
FN:184,OrderDispatch.updateCumulativeFunding
FNDA:9,OrderDispatch.updateCumulativeFunding
DA:185,9
DA:186,9
FN:194,OrderDispatch.forceSwap
FNDA:34,OrderDispatch.forceSwap
DA:195,34
DA:196,34
DA:201,34
DA:203,34
DA:204,34
DA:205,34
BRDA:205,13,0,12
BRDA:205,13,1,9
DA:208,21
BRDA:207,14,0,12
BRDA:207,14,1,9
DA:217,12
DA:218,9
DA:222,13
BRDA:221,15,0,12
BRDA:221,15,1,1
DA:232,12
DA:233,1
FN:239,OrderDispatch.liquidate
FNDA:3,OrderDispatch.liquidate
DA:240,3
DA:243,3
DA:245,2
BRDA:244,16,0,1
BRDA:244,16,1,1
DA:251,1
DA:252,1
FN:258,OrderDispatch.approveSigner
FNDA:18,OrderDispatch.approveSigner
DA:259,18
DA:262,18
DA:263,17
DA:268,17
DA:269,17
BRDA:267,17,0,2
BRDA:267,17,1,15
DA:270,2
DA:271,15
FN:281,OrderDispatch.matchOrder
FNDA:3091,OrderDispatch.matchOrder
DA:282,3091
DA:287,3091
DA:288,3091
DA:289,3091
DA:290,3091
DA:292,3091
BRDA:291,18,0,2004
BRDA:291,18,1,1087
DA:298,2004
DA:299,1087
FN:311,OrderDispatch.checkSignature
FNDA:3003,OrderDispatch.checkSignature
DA:317,7229
DA:318,7229
BRDA:318,19,0,3215
BRDA:318,19,1,4014
DA:319,3215
DA:321,4014
DA:322,4014
FN:331,OrderDispatch.getOrderDigest
FNDA:7261,OrderDispatch.getOrderDigest
DA:334,11502
DA:335,11502
FN:355,OrderDispatch.getApprovalDigest
FNDA:19,OrderDispatch.getApprovalDigest
DA:358,36
DA:359,36
FN:374,OrderDispatch.getLiquidateDigest
FNDA:4,OrderDispatch.getLiquidateDigest
DA:377,6
DA:378,6
FN:397,OrderDispatch.getDepositDigest
FNDA:9,OrderDispatch.getDepositDigest
DA:400,17
DA:401,17
FN:416,OrderDispatch.getWithdrawDigest
FNDA:10,OrderDispatch.getWithdrawDigest
DA:419,19
DA:420,19
FN:436,OrderDispatch._matchOrder
FNDA:1111,OrderDispatch._matchOrder
DA:440,1111
DA:441,1111
DA:442,1116
DA:444,1116
DA:445,1116
DA:447,1116
BRDA:446,20,0,4
BRDA:446,20,1,1112
DA:453,4
DA:454,1112
DA:458,1112
DA:459,1108
DA:466,1108
DA:467,1106
DA:468,1106
BRDA:468,21,0,10
BRDA:468,21,1,1096
DA:470,1096
BRDA:470,22,0,4
BRDA:470,22,1,1092
DA:473,1092
BRDA:473,23,0,2
BRDA:473,23,1,32
DA:474,34
BRDA:474,24,0,2
BRDA:474,24,1,32
DA:476,1058
BRDA:476,25,0,2
BRDA:476,25,1,1056
DA:479,1088
DA:483,1088
BRDA:483,26,0,-
BRDA:483,26,1,1034
DA:484,1034
DA:495,54
BRDA:495,27,0,-
BRDA:495,27,1,54
DA:496,54
DA:509,1088
DA:515,1088
FN:521,OrderDispatch._matchSpotOrder
FNDA:1034,OrderDispatch._matchSpotOrder
DA:524,1034
DA:526,1034
DA:529,1034
DA:530,1034
DA:531,1034
BRDA:531,28,0,1017
BRDA:531,28,1,1019
DA:532,1019
DA:533,1019
DA:536,1019
BRDA:536,29,0,1017
BRDA:536,29,1,1019
DA:537,1017
DA:543,15
DA:544,15
DA:546,15
BRDA:546,30,0,13
BRDA:546,30,1,15
DA:547,13
DA:550,1034
FN:562,OrderDispatch._matchPerpOrder
FNDA:54,OrderDispatch._matchPerpOrder
DA:563,54
DA:568,54
DA:569,54
DA:578,54
DA:581,54
DA:582,54
DA:583,54
DA:584,54
BRDA:584,31,0,48
BRDA:584,31,1,54
DA:585,48
DA:587,54
BRDA:587,32,0,14
BRDA:587,32,1,54
DA:588,14
DA:591,54
DA:595,54
DA:601,54
FN:608,OrderDispatch._checkOrder
FNDA:2206,OrderDispatch._checkOrder
DA:611,2206
FN:614,OrderDispatch._getOrderDetails
FNDA:1112,OrderDispatch._getOrderDetails
DA:618,1112
DA:622,1112
DA:626,1112
BRDA:626,33,0,2
BRDA:626,33,1,1110
DA:628,1110
DA:631,1110
BRDA:631,34,0,2
BRDA:631,34,1,1108
DA:632,1108
FNF:22
FNH:22
LF:148
LH:147
BRF:70
BRH:60
end_of_record
TN:
SF:src/contracts/ProductCatalogue.sol
FN:37,ProductCatalogue.setProduct
FNDA:46151,ProductCatalogue.setProduct
DA:41,46151
DA:42,46150
BRDA:42,0,0,1
BRDA:42,0,1,46149
DA:43,46149
BRDA:43,1,0,1
BRDA:43,1,1,46148
DA:44,46148
BRDA:44,2,0,1
BRDA:44,2,1,46147
DA:45,46147
BRDA:45,3,0,1
BRDA:45,3,1,46146
DA:46,46146
BRDA:46,4,0,1
BRDA:46,4,1,1
DA:47,2
BRDA:47,5,0,1
BRDA:47,5,1,1
DA:49,46145
DA:50,46145
DA:59,46145
BRDA:59,6,0,27687
BRDA:59,6,1,46145
DA:60,27687
DA:64,46145
FN:74,ProductCatalogue.changeProductTradeability
FNDA:3,ProductCatalogue.changeProductTradeability
DA:78,3
DA:79,2
BRDA:79,7,0,1
BRDA:79,7,1,1
DA:80,1
DA:81,1
FN:89,ProductCatalogue.changeProductFees
FNDA:22,ProductCatalogue.changeProductFees
DA:95,22
DA:96,21
BRDA:96,8,0,1
BRDA:96,8,1,20
DA:97,20
BRDA:97,9,0,1
BRDA:97,9,1,18
DA:98,19
BRDA:98,10,0,1
BRDA:98,10,1,18
DA:100,19
DA:101,19
DA:102,19
DA:103,19
FN:114,ProductCatalogue.productIdToBaseAsset
FNDA:10,ProductCatalogue.productIdToBaseAsset
DA:117,10
FNF:4
FNH:4
LF:25
LH:25
BRF:22
BRH:22
end_of_record
TN:
SF:src/contracts/crucible/Crucible.sol
FN:40,Crucible.updateFilledQuantity
FNDA:1089,Crucible.updateFilledQuantity
DA:46,1089
DA:47,1088
DA:48,1088
FN:54,Crucible.getOpenPositionIds
FNDA:5111,Crucible.getOpenPositionIds
DA:57,5111
FNF:2
FNH:2
LF:4
LH:4
BRF:0
BRH:0
end_of_record
TN:
SF:src/contracts/crucible/perp-crucible/PerpCrucible.sol
FN:40,PerpCrucible.updateCumulativeFundings
FNDA:6076,PerpCrucible.updateCumulativeFundings
DA:42,6076
DA:44,6075
BRDA:44,0,0,3
BRDA:44,0,1,6072
DA:45,6072
DA:46,6072
DA:47,8126
DA:48,8126
DA:49,8126
DA:50,8126
DA:53,8126
DA:54,8126
DA:56,8126
DA:57,8126
FN:70,PerpCrucible.updatePosition
FNDA:12109,PerpCrucible.updatePosition
DA:77,12109
DA:78,12108
DA:87,12108
FN:103,PerpCrucible._updatePosition
FNDA:24216,PerpCrucible._updatePosition
DA:108,24216
BRDA:108,1,0,900
BRDA:108,1,1,900
DA:109,10073
DA:116,10073
DA:125,10073
BRDA:125,2,0,5004
BRDA:125,2,1,5069
DA:129,5004
DA:134,5004
DA:141,5069
BRDA:141,3,0,29
BRDA:141,3,1,3240
DA:142,3269
DA:149,3269
BRDA:149,4,0,29
BRDA:149,4,1,3240
DA:153,29
DA:154,29
DA:159,3240
DA:172,1800
DA:179,1800
DA:190,14143
DA:197,14143
FN:203,PerpCrucible.getSubAccountPosition
FNDA:2238,PerpCrucible.getSubAccountPosition
DA:207,2238
FN:210,PerpCrucible.isPositionOpenForId
FNDA:56,PerpCrucible.isPositionOpenForId
DA:214,56
FNF:5
FNH:5
LF:33
LH:33
BRF:10
BRH:10
end_of_record
TN:
SF:src/contracts/libraries/AccessControl.sol
FN:17,AccessControl._isOwner
FNDA:3,AccessControl._isOwner
DA:18,3
BRDA:18,0,0,1
BRDA:18,0,1,2
FN:21,AccessControl._isOperator
FNDA:0,AccessControl._isOperator
DA:22,0
BRDA:22,1,0,-
BRDA:22,1,1,-
FN:25,AccessControl._isAdmin
FNDA:49629,AccessControl._isAdmin
DA:26,49629
BRDA:26,2,0,10
BRDA:26,2,1,49619
FN:29,AccessControl._isOrderDispatch
FNDA:9245,AccessControl._isOrderDispatch
DA:30,9245
BRDA:30,3,0,4
BRDA:30,3,1,9241
FN:33,AccessControl._isBalanceUpdater
FNDA:16382,AccessControl._isBalanceUpdater
DA:34,16382
BRDA:34,4,0,4
BRDA:34,4,1,16378
FN:40,AccessControl._ciao
FNDA:39374,AccessControl._ciao
DA:41,39374
FN:44,AccessControl._furnace
FNDA:13056,AccessControl._furnace
DA:45,13056
FN:48,AccessControl._productCatalogue
FNDA:46840,AccessControl._productCatalogue
DA:49,46840
FN:52,AccessControl._orderDispatch
FNDA:26685,AccessControl._orderDispatch
DA:53,26685
FN:56,AccessControl._liquidation
FNDA:34,AccessControl._liquidation
DA:57,34
FN:60,AccessControl._perpCrucible
FNDA:3130,AccessControl._perpCrucible
DA:61,3130
FNF:11
FNH:10
LF:11
LH:10
BRF:10
BRH:8
end_of_record
TN:
SF:src/contracts/libraries/BasicMath.sol
FN:11,BasicMath.min
FNDA:26471,BasicMath.min
DA:12,26471
FN:18,BasicMath.mul
FNDA:28301,BasicMath.mul
DA:19,28301
FN:25,BasicMath.mul
FNDA:25902,BasicMath.mul
DA:26,25902
FN:29,BasicMath.div
FNDA:1017,BasicMath.div
DA:30,1017
FNF:4
FNH:4
LF:4
LH:4
BRF:0
BRH:0
end_of_record
TN:
SF:src/contracts/libraries/Commons.sol
FN:9,Commons.getSubAccount
FNDA:40115,Commons.getSubAccount
DA:13,40115
FN:19,Commons.perpCrucible
FNDA:2063,Commons.perpCrucible
DA:22,2063
FN:25,Commons.crucible
FNDA:1108,Commons.crucible
DA:29,1108
FN:33,Commons.convertFromE18
FNDA:1046,Commons.convertFromE18
DA:37,1046
BRDA:37,0,0,-
BRDA:37,0,1,1046
DA:38,1046
FN:42,Commons.convertToE18
FNDA:33756,Commons.convertToE18
DA:46,33756
BRDA:46,1,0,-
BRDA:46,1,1,33756
DA:47,33756
FN:50,Commons.ciao
FNDA:1125,Commons.ciao
DA:51,1125
FN:54,Commons.furnace
FNDA:46,Commons.furnace
DA:55,46
FN:58,Commons.productCatalogue
FNDA:2198,Commons.productCatalogue
DA:61,2198
FN:64,Commons.liquidation
FNDA:1,Commons.liquidation
DA:67,1
FNF:9
FNH:9
LF:11
LH:11
BRF:4
BRH:2
end_of_record
TN:
SF:src/contracts/libraries/EnumerableSet.sol
FN:65,EnumerableSet._add
FNDA:0,EnumerableSet._add
DA:66,0
BRDA:66,0,0,-
BRDA:66,0,1,-
DA:67,0
DA:70,0
DA:71,0
DA:73,0
FN:83,EnumerableSet._remove
FNDA:0,EnumerableSet._remove
DA:85,0
DA:87,0
BRDA:87,1,0,-
BRDA:87,1,1,-
DA:93,0
DA:94,0
DA:96,0
BRDA:96,2,0,-
BRDA:96,2,1,-
DA:97,0
DA:100,0
DA:102,0
DA:106,0
DA:109,0
DA:111,0
DA:113,0
FN:120,EnumerableSet._contains
FNDA:0,EnumerableSet._contains
DA:121,0
FN:127,EnumerableSet._length
FNDA:0,EnumerableSet._length
DA:128,0
FN:141,EnumerableSet._at
FNDA:0,EnumerableSet._at
DA:142,0
FN:153,EnumerableSet._values
FNDA:0,EnumerableSet._values
DA:154,0
FN:169,EnumerableSet.add
FNDA:0,EnumerableSet.add
DA:170,0
FN:179,EnumerableSet.remove
FNDA:0,EnumerableSet.remove
DA:180,0
FN:186,EnumerableSet.contains
FNDA:0,EnumerableSet.contains
DA:187,0
FN:193,EnumerableSet.length
FNDA:0,EnumerableSet.length
DA:194,0
FN:207,EnumerableSet.at
FNDA:0,EnumerableSet.at
DA:208,0
FN:219,EnumerableSet.values
FNDA:0,EnumerableSet.values
DA:220,0
DA:221,0
DA:225,0
DA:228,0
FN:243,EnumerableSet.add
FNDA:0,EnumerableSet.add
DA:244,0
FN:253,EnumerableSet.remove
FNDA:0,EnumerableSet.remove
DA:254,0
FN:260,EnumerableSet.contains
FNDA:0,EnumerableSet.contains
DA:261,0
FN:267,EnumerableSet.length
FNDA:0,EnumerableSet.length
DA:268,0
FN:281,EnumerableSet.at
FNDA:0,EnumerableSet.at
DA:282,0
FN:293,EnumerableSet.values
FNDA:0,EnumerableSet.values
DA:294,0
DA:295,0
DA:299,0
DA:302,0
FNF:18
FNH:0
LF:39
LH:0
BRF:6
BRH:0
end_of_record
TN:
SF:src/contracts/libraries/MarginDirective.sol
FN:22,MarginDirective.getPerpMarginHealth
FNDA:2006,MarginDirective.getPerpMarginHealth
DA:36,2006
BRDA:36,0,0,517
BRDA:36,0,1,484
DA:37,1001
DA:57,1005
FN:77,MarginDirective.getPerpPayoff
FNDA:1004,MarginDirective.getPerpPayoff
DA:88,1004
BRDA:88,1,0,506
BRDA:88,1,1,498
DA:89,506
DA:102,498
FN:115,MarginDirective._calculateSpreadHealth
FNDA:4008,MarginDirective._calculateSpreadHealth
DA:124,4008
DA:125,4008
FN:135,MarginDirective._calculateSpotHealth
FNDA:4,MarginDirective._calculateSpotHealth
DA:140,4
FNF:4
FNH:4
LF:9
LH:9
BRF:4
BRH:4
end_of_record
TN:
SF:src/contracts/libraries/Parser.sol
FN:12,Parser.parseOrderBytes
FNDA:5208,Parser.parseOrderBytes
DA:15,5208
DA:16,5208
DA:17,5208
DA:18,5208
DA:19,5208
DA:20,5208
DA:21,5208
DA:22,5208
DA:23,5208
DA:24,5208
DA:25,5208
DA:26,5208
BRDA:26,0,0,1
BRDA:26,0,1,5207
DA:29,5207
DA:30,5207
DA:31,5207
DA:32,5207
DA:33,5207
DA:34,5207
DA:35,5207
DA:36,5207
DA:37,5207
DA:38,5207
DA:43,5207
FN:64,Parser.parseOrderNoSigBytes
FNDA:34,Parser.parseOrderNoSigBytes
DA:67,34
DA:68,34
DA:69,34
DA:70,34
DA:71,34
DA:72,34
DA:73,34
DA:74,34
DA:75,34
DA:76,34
DA:77,34
BRDA:77,1,0,-
BRDA:77,1,1,34
DA:80,34
DA:81,34
DA:82,34
DA:83,34
DA:84,34
DA:85,34
DA:86,34
DA:87,34
DA:88,34
DA:89,34
DA:91,34
FN:110,Parser.parseApprovedSignerBytes
FNDA:18,Parser.parseApprovedSignerBytes
DA:113,18
DA:114,18
DA:115,18
DA:116,18
DA:117,18
DA:118,18
BRDA:118,2,0,1
BRDA:118,2,1,17
DA:121,17
DA:122,17
DA:123,17
DA:124,17
DA:129,17
FN:143,Parser.parseDepositBytes
FNDA:9,Parser.parseDepositBytes
DA:146,9
DA:147,9
DA:148,9
DA:149,9
DA:150,9
DA:151,9
BRDA:151,3,0,1
BRDA:151,3,1,8
DA:154,8
DA:155,8
DA:156,8
DA:157,8
DA:162,8
FN:168,Parser.parseWithdrawBytes
FNDA:10,Parser.parseWithdrawBytes
DA:171,10
DA:172,10
DA:173,10
DA:174,10
DA:175,10
DA:176,10
BRDA:176,4,0,1
BRDA:176,4,1,9
DA:179,9
DA:180,9
DA:181,9
DA:182,9
DA:187,9
FN:193,Parser.parseLiquidateBytes
FNDA:3,Parser.parseLiquidateBytes
DA:196,3
DA:197,3
DA:198,3
DA:199,3
DA:200,3
DA:201,3
DA:202,3
DA:203,3
DA:204,3
DA:205,3
BRDA:205,5,0,1
BRDA:205,5,1,2
DA:208,2
DA:209,2
DA:210,2
DA:211,2
DA:212,2
DA:213,2
DA:214,2
DA:215,2
DA:220,2
FNF:6
FNH:6
LF:97
LH:97
BRF:12
BRH:11
end_of_record
TN:
SF:src/contracts/readers/MarginReader.sol
FN:12,MarginReader.getSubAccountMargin
FNDA:1000,MarginReader.getSubAccountMargin
DA:17,1000
DA:18,2689
DA:19,2689
BRDA:19,0,0,-
BRDA:19,0,1,2689
DA:21,0
DA:24,2689
BRDA:24,1,0,1000
BRDA:24,1,1,1689
DA:25,1000
DA:28,1000
DA:30,1689
DA:39,1000
DA:40,979
DA:41,979
DA:54,1000
DA:55,1331
DA:56,1331
FNF:1
FNH:1
LF:14
LH:13
BRF:4
BRH:3
end_of_record
TN:
SF:src/contracts/readers/UserAndSystemStateReader.sol
FN:24,UserAndSystemStateReader.getArrayShapes
FNDA:1000,UserAndSystemStateReader.getArrayShapes
DA:28,1000
DA:29,1000
DA:30,1000
DA:33,1000
DA:37,1000
DA:39,3000
DA:40,3000
DA:45,3000
BRDA:45,0,0,1000
BRDA:45,0,1,2000
DA:46,1000
DA:47,1000
DA:50,2000
DA:51,2000
DA:55,2000
BRDA:55,1,0,-
BRDA:55,1,1,979
DA:56,979
DA:60,979
DA:61,979
BRDA:61,2,0,311
BRDA:61,2,1,979
DA:62,311
DA:65,979
DA:66,979
BRDA:66,3,0,668
BRDA:66,3,1,979
DA:67,668
DA:71,979
DA:72,1958
BRDA:72,4,0,-
BRDA:72,4,1,979
DA:74,979
DA:79,1021
DA:84,1000
DA:86,1999
BRDA:86,5,0,1020
BRDA:86,5,1,1999
DA:87,1020
FN:102,UserAndSystemStateReader.acquireUserAndSystemState
FNDA:1000,UserAndSystemStateReader.acquireUserAndSystemState
DA:106,1000
DA:107,1000
DA:110,1000
DA:113,1000
DA:114,1000
DA:117,1000
DA:118,1000
DA:119,1000
DA:120,1000
DA:121,1000
DA:122,1000
DA:124,1000
DA:125,3000
DA:127,3000
DA:128,3000
DA:132,3000
BRDA:132,6,0,-
BRDA:132,6,1,1000
DA:135,1000
DA:136,1000
DA:137,1000
DA:143,1000
DA:144,1000
DA:146,2000
DA:148,2000
DA:149,2000
DA:152,2000
BRDA:152,7,0,-
BRDA:152,7,1,979
DA:153,979
DA:157,979
DA:158,979
DA:159,979
DA:167,979
DA:168,979
BRDA:168,8,0,-
BRDA:168,8,1,311
DA:169,311
DA:170,311
DA:177,311
DA:180,979
DA:181,979
BRDA:181,9,0,-
BRDA:181,9,1,668
DA:182,668
DA:188,668
DA:192,979
DA:193,1958
BRDA:193,10,0,-
BRDA:193,10,1,979
DA:195,979
DA:200,1021
DA:206,1021
DA:211,1000
DA:213,1999
BRDA:213,11,0,1020
BRDA:213,11,1,1999
DA:214,1020
DA:216,1020
DA:217,1020
DA:220,1020
DA:227,1020
DA:229,1000
FNF:2
FNH:2
LF:78
LH:78
BRF:24
BRH:17
end_of_record
TN:
SF:test/Base.t.sol
FN:81,Base_Test.setUp
FNDA:0,Base_Test.setUp
DA:83,0
DA:84,0
DA:85,0
DA:88,0
DA:89,0
DA:90,0
DA:93,0
DA:105,0
DA:106,0
DA:108,0
FN:116,Base_Test.createUser
FNDA:0,Base_Test.createUser
DA:117,0
DA:118,0
DA:119,0
DA:124,0
DA:125,0
DA:126,0
FN:129,Base_Test.deployOrderDispatch
FNDA:0,Base_Test.deployOrderDispatch
DA:130,0
DA:131,0
DA:132,0
DA:133,0
DA:134,0
DA:140,0
DA:141,0
DA:142,0
DA:143,0
DA:144,0
DA:145,0
DA:150,0
DA:158,0
DA:159,0
DA:160,0
DA:163,0
DA:166,0
DA:167,0
DA:168,0
DA:169,0
DA:170,0
DA:171,0
DA:172,0
DA:173,0
DA:174,0
DA:175,0
DA:176,0
DA:177,0
DA:181,0
DA:182,0
DA:183,0
DA:184,0
DA:188,0
DA:189,0
FN:192,Base_Test.setAlicePositions
FNDA:0,Base_Test.setAlicePositions
DA:205,0
DA:207,0
DA:213,0
DA:216,0
BRDA:216,0,0,-
BRDA:216,0,1,-
DA:217,0
DA:224,0
BRDA:224,1,0,-
BRDA:224,1,1,-
DA:225,0
DA:232,0
DA:233,0
BRDA:233,2,0,-
BRDA:233,2,1,-
DA:234,0
DA:235,0
DA:236,0
DA:237,0
DA:238,0
DA:240,0
BRDA:240,3,0,-
BRDA:240,3,1,-
DA:241,0
DA:242,0
DA:243,0
DA:244,0
DA:245,0
DA:247,0
BRDA:247,4,0,-
BRDA:247,4,1,-
DA:248,0
DA:249,0
DA:250,0
DA:251,0
DA:252,0
DA:254,0
DA:256,0
DA:257,0
DA:258,0
DA:259,0
DA:260,0
DA:262,0
DA:263,0
DA:264,0
DA:265,0
DA:266,0
DA:267,0
DA:277,0
FN:284,Base_Test.deployCiao
FNDA:0,Base_Test.deployCiao
DA:285,0
DA:286,0
DA:287,0
DA:293,0
DA:294,0
DA:295,0
DA:296,0
DA:297,0
DA:298,0
DA:299,0
DA:300,0
DA:301,0
DA:303,0
DA:304,0
DA:305,0
DA:306,0
DA:310,0
DA:311,0
DA:312,0
DA:316,0
DA:317,0
FN:320,Base_Test.validateAssets
FNDA:0,Base_Test.validateAssets
DA:321,0
DA:325,0
DA:329,0
DA:333,0
DA:337,0
FN:343,Base_Test.depositAssetsToCiao
FNDA:0,Base_Test.depositAssetsToCiao
DA:344,0
DA:345,0
DA:346,0
DA:347,0
DA:348,0
DA:354,0
DA:360,0
DA:361,0
DA:362,0
DA:363,0
DA:369,0
DA:375,0
FN:378,Base_Test.depositAssetsToCiaoForAddresses
FNDA:0,Base_Test.depositAssetsToCiaoForAddresses
DA:382,0
DA:387,0
DA:388,0
DA:389,0
DA:394,0
DA:395,0
DA:396,0
DA:397,0
DA:398,0
DA:399,0
DA:400,0
DA:401,0
DA:402,0
DA:403,0
DA:404,0
DA:405,0
DA:406,0
FN:409,Base_Test.depositAssetsToCiaoAndSwitchGov
FNDA:0,Base_Test.depositAssetsToCiaoAndSwitchGov
DA:410,0
DA:411,0
DA:412,0
DA:413,0
DA:414,0
DA:420,0
DA:426,0
DA:427,0
DA:428,0
DA:429,0
DA:435,0
DA:441,0
DA:442,0
DA:443,0
FN:446,Base_Test.setupCoreCollateralDebt
FNDA:0,Base_Test.setupCoreCollateralDebt
DA:448,0
DA:449,0
DA:450,0
DA:451,0
DA:452,0
DA:453,0
DA:459,0
DA:460,0
DA:463,0
DA:464,0
DA:466,0
FN:473,Base_Test.deployAddressManifest
FNDA:0,Base_Test.deployAddressManifest
DA:474,0
DA:475,0
DA:476,0
FN:486,Base_Test.deployMarginDirective
FNDA:0,Base_Test.deployMarginDirective
DA:487,0
DA:488,0
DA:489,0
FN:499,Base_Test.deployProductCatalogue
FNDA:0,Base_Test.deployProductCatalogue
DA:500,0
DA:501,0
DA:502,0
FN:512,Base_Test.deployFurnace
FNDA:0,Base_Test.deployFurnace
DA:513,0
DA:514,0
DA:515,0
DA:516,0
DA:520,0
DA:524,0
DA:528,0
DA:532,0
DA:536,0
DA:537,0
DA:538,0
DA:539,0
DA:543,0
DA:547,0
DA:552,0
FN:559,Base_Test.deployMockFurnaceUnitTest
FNDA:0,Base_Test.deployMockFurnaceUnitTest
DA:560,0
DA:561,0
DA:562,0
DA:563,0
DA:564,0
DA:568,0
DA:572,0
DA:576,0
DA:580,0
DA:584,0
DA:588,0
DA:592,0
DA:596,0
DA:600,0
DA:604,0
DA:609,0
DA:615,0
FN:621,Base_Test.deployLiquidation
FNDA:0,Base_Test.deployLiquidation
DA:622,0
DA:624,0
FN:631,Base_Test.setFundingRate
FNDA:0,Base_Test.setFundingRate
DA:632,0
DA:633,0
DA:634,0
DA:635,0
DA:636,0
DA:637,0
FN:645,Base_Test.expectCallToTransfer
FNDA:0,Base_Test.expectCallToTransfer
DA:646,0
FN:653,Base_Test.expectCallToTransferToken
FNDA:0,Base_Test.expectCallToTransferToken
DA:658,0
FN:665,Base_Test.expectCallToTransferFrom
FNDA:0,Base_Test.expectCallToTransferFrom
DA:670,0
FN:677,Base_Test.expectCallToTransferFromToken
FNDA:0,Base_Test.expectCallToTransferFromToken
DA:683,0
FN:689,Base_Test.getSpotBalances
FNDA:0,Base_Test.getSpotBalances
DA:695,0
FN:705,Base_Test.getCoreCollatBalances
FNDA:0,Base_Test.getCoreCollatBalances
DA:709,0
FN:718,Base_Test.getPerpBalances
FNDA:0,Base_Test.getPerpBalances
DA:731,0
FN:739,Base_Test.assertPerpBalanceChange
FNDA:0,Base_Test.assertPerpBalanceChange
DA:744,0
DA:748,0
DA:754,0
BRDA:754,5,0,-
BRDA:754,5,1,-
DA:755,0
DA:756,0
DA:757,0
DA:758,0
DA:760,0
DA:761,0
DA:762,0
DA:763,0
FN:767,Base_Test.assertCoreCollatFeeChange
FNDA:0,Base_Test.assertCoreCollatFeeChange
DA:774,0
DA:778,0
DA:781,0
DA:782,0
DA:783,0
DA:784,0
BRDA:784,6,0,-
BRDA:784,6,1,-
DA:785,0
DA:787,0
DA:795,0
DA:801,0
DA:806,0
DA:807,0
DA:808,0
FN:811,Base_Test.assertSpotBalanceChange
FNDA:0,Base_Test.assertSpotBalanceChange
DA:819,0
DA:826,0
DA:832,0
BRDA:832,7,0,-
BRDA:832,7,1,-
DA:833,0
DA:834,0
DA:835,0
DA:836,0
DA:838,0
DA:839,0
DA:840,0
DA:841,0
DA:843,0
DA:851,0
DA:852,0
DA:853,0
DA:854,0
DA:855,0
DA:856,0
FN:859,Base_Test._assertSpotFees
FNDA:0,Base_Test._assertSpotFees
DA:867,0
DA:869,0
BRDA:869,8,0,-
BRDA:869,8,1,-
DA:870,0
DA:875,0
DA:883,0
DA:890,0
FN:894,Base_Test._acquireBalanceDetails
FNDA:0,Base_Test._acquireBalanceDetails
DA:902,0
DA:903,0
DA:911,0
DA:912,0
DA:913,0
DA:914,0
DA:915,0
DA:916,0
BRDA:916,9,0,-
BRDA:916,9,1,-
DA:917,0
DA:919,0
DA:925,0
BRDA:925,10,0,-
BRDA:925,10,1,-
DA:926,0
DA:930,0
DA:931,0
DA:933,0
DA:934,0
DA:940,0
BRDA:940,11,0,-
BRDA:940,11,1,-
DA:941,0
DA:943,0
DA:944,0
DA:946,0
DA:949,0
DA:953,0
DA:956,0
DA:959,0
DA:962,0
DA:965,0
DA:968,0
DA:972,0
DA:975,0
DA:976,0
DA:979,0
FN:984,Base_Test.ensureBalanceChangeEventsSpotMatch
FNDA:0,Base_Test.ensureBalanceChangeEventsSpotMatch
DA:992,0
DA:1001,0
DA:1002,0
DA:1009,0
DA:1010,0
DA:1017,0
DA:1018,0
DA:1025,0
DA:1026,0
DA:1033,0
DA:1034,0
DA:1041,0
DA:1042,0
FN:1050,Base_Test._acquirePerpQuoteDetails
FNDA:0,Base_Test._acquirePerpQuoteDetails
DA:1056,0
DA:1059,0
DA:1060,0
DA:1061,0
DA:1062,0
DA:1063,0
BRDA:1063,12,0,-
BRDA:1063,12,1,-
DA:1064,0
DA:1066,0
DA:1067,0
DA:1068,0
DA:1069,0
DA:1070,0
DA:1073,0
DA:1076,0
DA:1079,0
DA:1083,0
DA:1087,0
FN:1093,Base_Test.ensureBalanceChangeEventsPerpMatch
FNDA:0,Base_Test.ensureBalanceChangeEventsPerpMatch
DA:1099,0
DA:1106,0
DA:1107,0
DA:1114,0
DA:1115,0
DA:1122,0
DA:1123,0
FN:1131,Base_Test.makeOrderSig
FNDA:0,Base_Test.makeOrderSig
DA:1135,0
DA:1136,0
DA:1137,0
DA:1138,0
DA:1139,0
DA:1140,0
FN:1143,Base_Test.makeApprovedSignerSig
FNDA:0,Base_Test.makeApprovedSignerSig
DA:1147,0
DA:1148,0
DA:1149,0
DA:1150,0
DA:1151,0
DA:1152,0
FN:1155,Base_Test.makeDepositSig
FNDA:0,Base_Test.makeDepositSig
DA:1159,0
DA:1160,0
DA:1161,0
DA:1162,0
DA:1163,0
DA:1164,0
FN:1167,Base_Test.makeWithdrawSig
FNDA:0,Base_Test.makeWithdrawSig
DA:1171,0
DA:1172,0
DA:1173,0
DA:1174,0
DA:1175,0
DA:1176,0
FN:1179,Base_Test.makeLiquidateSig
FNDA:0,Base_Test.makeLiquidateSig
DA:1183,0
DA:1184,0
DA:1185,0
DA:1186,0
DA:1187,0
DA:1188,0
FN:1194,Base_Test.abs
FNDA:0,Base_Test.abs
DA:1195,0
FN:1198,Base_Test.noop
FNDA:0,Base_Test.noop
DA:1199,0
FNF:39
FNH:0
LF:374
LH:0
BRF:26
BRH:0
end_of_record
TN:
SF:test/mocks/MockERC20.sol
FN:22,MockERC20.mint
FNDA:0,MockERC20.mint
DA:23,0
FN:31,MockERC20.burn
FNDA:0,MockERC20.burn
DA:32,0
FNF:2
FNH:0
LF:2
LH:0
BRF:0
BRH:0
end_of_record
TN:
SF:test/mocks/MockFurnace.sol
FN:26,MockFurnace.setHasActivePosition
FNDA:0,MockFurnace.setHasActivePosition
DA:30,0
FN:33,MockFurnace.doesSubAccountHaveActivePositions
FNDA:0,MockFurnace.doesSubAccountHaveActivePositions
DA:36,0
FN:39,MockFurnace.setProductRiskWeight
FNDA:0,MockFurnace.setProductRiskWeight
DA:44,0
FNF:3
FNH:0
LF:3
LH:0
BRF:0
BRH:0
end_of_record
TN:
SF:test/mocks/MockFurnaceUnitTest.sol
FN:17,MockFurnaceUnitTest.calculateSpreadHealth
FNDA:4008,MockFurnaceUnitTest.calculateSpreadHealth
DA:26,4008
DA:27,4008
FN:38,MockFurnaceUnitTest.calculateSpotHealth
FNDA:4,MockFurnaceUnitTest.calculateSpotHealth
DA:43,4
DA:44,4
FNF:2
FNH:2
LF:4
LH:4
BRF:0
BRH:0
end_of_record
TN:
SF:test/mocks/MockLiquidation.sol
FN:13,MockLiquidation.getLiquidationPrice
FNDA:10,MockLiquidation.getLiquidationPrice
DA:18,10
FN:21,MockLiquidation.getSpreadLiquidationPrice
FNDA:2,MockLiquidation.getSpreadLiquidationPrice
DA:26,2
DA:27,2
FNF:2
FNH:2
LF:3
LH:3
BRF:0
BRH:0
end_of_record
TN:
SF:test/mocks/MockMarginDirective.sol
FN:9,MockMarginDirective.getPerpMarginHealth
FNDA:2006,MockMarginDirective.getPerpMarginHealth
DA:19,2006
DA:20,2006
FN:32,MockMarginDirective.getPerpPayoff
FNDA:1004,MockMarginDirective.getPerpPayoff
DA:40,1004
DA:41,1004
FNF:2
FNH:2
LF:4
LH:4
BRF:0
BRH:0
end_of_record
TN:
SF:test/unit/orderDispatch/OrderDispatchBase.t.sol
FN:29,OrderDispatchBase.setUp
FNDA:0,OrderDispatchBase.setUp
DA:30,0
FN:33,OrderDispatchBase.constructMatchOrderPayload
FNDA:0,OrderDispatchBase.constructMatchOrderPayload
DA:34,0
BRDA:34,0,0,-
BRDA:34,0,1,-
DA:35,0
DA:36,0
DA:37,0
DA:38,0
DA:40,0
DA:44,0
DA:48,0
DA:49,0
DA:64,0
DA:77,0
DA:78,0
DA:86,0
FN:89,OrderDispatchBase.appendMatchOrderPayload
FNDA:0,OrderDispatchBase.appendMatchOrderPayload
DA:90,0
BRDA:90,1,0,-
BRDA:90,1,1,-
DA:91,0
DA:92,0
DA:93,0
DA:95,0
DA:96,0
DA:100,0
DA:104,0
DA:119,0
DA:132,0
DA:133,0
DA:141,0
FN:144,OrderDispatchBase.appendMakerOrderPayload
FNDA:0,OrderDispatchBase.appendMakerOrderPayload
DA:148,0
BRDA:148,2,0,-
BRDA:148,2,1,-
DA:149,0
DA:151,0
DA:152,0
DA:156,0
DA:160,0
DA:175,0
DA:188,0
DA:189,0
DA:197,0
FN:206,OrderDispatchBase.constructApproveSignerPayload
FNDA:0,OrderDispatchBase.constructApproveSignerPayload
DA:207,0
BRDA:207,3,0,-
BRDA:207,3,1,-
DA:208,0
DA:210,0
DA:211,0
DA:218,0
FN:221,OrderDispatchBase.appendApproveSignerPayload
FNDA:0,OrderDispatchBase.appendApproveSignerPayload
DA:222,0
DA:223,0
DA:231,0
FN:234,OrderDispatchBase.constructDepositPayload
FNDA:0,OrderDispatchBase.constructDepositPayload
DA:241,0
BRDA:241,4,0,-
BRDA:241,4,1,-
DA:242,0
DA:244,0
DA:248,0
DA:255,0
FN:258,OrderDispatchBase.constructWithdrawPayload
FNDA:0,OrderDispatchBase.constructWithdrawPayload
DA:265,0
BRDA:265,5,0,-
BRDA:265,5,1,-
DA:266,0
DA:268,0
DA:273,0
DA:280,0
FN:283,OrderDispatchBase.constructForceSwapPayload
FNDA:0,OrderDispatchBase.constructForceSwapPayload
DA:286,0
BRDA:286,6,0,-
BRDA:286,6,1,-
DA:287,0
DA:288,0
DA:289,0
DA:290,0
DA:292,0
DA:293,0
DA:297,0
DA:298,0
DA:313,0
DA:325,0
DA:326,0
DA:335,0
FN:338,OrderDispatchBase.appendForceSwapPayload
FNDA:0,OrderDispatchBase.appendForceSwapPayload
DA:341,0
BRDA:341,7,0,-
BRDA:341,7,1,-
DA:342,0
DA:343,0
DA:344,0
DA:346,0
DA:347,0
DA:348,0
DA:352,0
DA:367,0
DA:379,0
DA:380,0
DA:389,0
FN:392,OrderDispatchBase.appendForceSwapMakerPayload
FNDA:0,OrderDispatchBase.appendForceSwapMakerPayload
DA:395,0
BRDA:395,8,0,-
BRDA:395,8,1,-
DA:396,0
DA:398,0
DA:399,0
DA:400,0
DA:404,0
DA:419,0
DA:431,0
DA:432,0
DA:441,0
FN:444,OrderDispatchBase.constructLiquidatePayload
FNDA:0,OrderDispatchBase.constructLiquidatePayload
DA:445,0
BRDA:445,9,0,-
BRDA:445,9,1,-
DA:446,0
DA:448,0
DA:450,0
DA:464,0
FNF:12
FNH:0
LF:94
LH:0
BRF:20
BRH:0
end_of_record
TN:
SF:test/utils/Defaults.sol
FN:21,Defaults.setAssets
FNDA:302,Defaults.setAssets
DA:22,302
DA:23,302
DA:24,302
DA:25,302
FN:31,Defaults.setWethDepositQuantity
FNDA:12,Defaults.setWethDepositQuantity
DA:32,12
FN:46,Defaults.usdcProduct
FNDA:9272,Defaults.usdcProduct
DA:47,9272
DA:48,9272
FN:59,Defaults.wethProduct
FNDA:9228,Defaults.wethProduct
DA:60,9228
DA:61,9228
FN:72,Defaults.wbtcProduct
FNDA:9228,Defaults.wbtcProduct
DA:73,9228
DA:74,9228
FN:85,Defaults.wethUsdcPerpProduct
FNDA:9228,Defaults.wethUsdcPerpProduct
DA:90,9228
DA:91,9228
FN:102,Defaults.wbtcUsdcPerpProduct
FNDA:9228,Defaults.wbtcUsdcPerpProduct
DA:107,9228
DA:108,9228
FN:123,Defaults.usdcRiskWeights
FNDA:575,Defaults.usdcRiskWeights
DA:128,575
DA:129,575
FN:137,Defaults.wethRiskWeights
FNDA:570,Defaults.wethRiskWeights
DA:142,570
DA:143,570
FN:151,Defaults.wbtcRiskWeights
FNDA:563,Defaults.wbtcRiskWeights
DA:156,563
DA:157,563
FN:165,Defaults.wethUsdcPerpRiskWeights
FNDA:286,Defaults.wethUsdcPerpRiskWeights
DA:170,286
DA:171,286
FN:179,Defaults.wbtcUsdcPerpRiskWeights
FNDA:284,Defaults.wbtcUsdcPerpRiskWeights
DA:184,284
DA:185,284
FN:193,Defaults.wbtcSpreadPenalty
FNDA:2572,Defaults.wbtcSpreadPenalty
DA:198,2572
DA:199,2572
FN:205,Defaults.wethSpreadPenalty
FNDA:2572,Defaults.wethSpreadPenalty
DA:210,2572
DA:211,2572
FN:229,Defaults.assetRiskWeights
FNDA:6,Defaults.assetRiskWeights
DA:234,6
DA:235,6
FN:259,Defaults.profitableLong
FNDA:16,Defaults.profitableLong
DA:264,16
DA:265,16
FN:275,Defaults.unprofitableLong
FNDA:20,Defaults.unprofitableLong
DA:280,20
DA:281,20
FN:291,Defaults.profitableShort
FNDA:12,Defaults.profitableShort
DA:296,12
DA:297,12
FN:307,Defaults.unprofitableShort
FNDA:16,Defaults.unprofitableShort
DA:312,16
DA:313,16
FN:323,Defaults.initialLong
FNDA:4,Defaults.initialLong
DA:328,4
DA:329,4
FN:337,Defaults.initialShort
FNDA:4,Defaults.initialShort
DA:342,4
DA:343,4
FNF:21
FNH:21
LF:43
LH:43
BRF:0
BRH:0
end_of_record
